0 info it worked if it ends with ok
1 verbose cli [ '/Users/oshokut/.nvm/versions/node/v6.14.4/bin/node',
1 verbose cli   '/Users/oshokut/.nvm/versions/node/v6.14.4/bin/npm',
1 verbose cli   'run',
1 verbose cli   'test:prod' ]
2 info using npm@3.10.10
3 info using node@v6.14.4
4 verbose run-script [ 'pretest:prod', 'test:prod', 'posttest:prod' ]
5 info lifecycle web-components-ui-elements@2.0.0~pretest:prod: web-components-ui-elements@2.0.0
6 silly lifecycle web-components-ui-elements@2.0.0~pretest:prod: no script for pretest:prod, continuing
7 info lifecycle web-components-ui-elements@2.0.0~test:prod: web-components-ui-elements@2.0.0
8 verbose lifecycle web-components-ui-elements@2.0.0~test:prod: unsafe-perm in lifecycle true
9 verbose lifecycle web-components-ui-elements@2.0.0~test:prod: PATH: /Users/oshokut/.nvm/versions/node/v6.14.4/lib/node_modules/npm/bin/node-gyp-bin:/Users/oshokut/Udacity_course/travis-ci/node_modules/.bin:/Library/Frameworks/Python.framework/Versions/2.7/bin:/usr/local/opt/openssl@1.1/bin:/Library/Frameworks/Python.framework/Versions/3.8/bin:/usr/local/opt/mongodb-community@4.0/bin:/Users/oshokut/.nvm/versions/node/v6.14.4/bin:/Library/Frameworks/Python.framework/Versions/3.7/bin:/usr/local/var/pyenv/shims:/Library/Frameworks/Python.framework/Versions/2.7/bin:/Users/oshokut/anaconda/bin:/Users/oshokut/.rvm/gems/ruby-2.7.1/bin:/Users/oshokut/.rvm/gems/ruby-2.7.1@global/bin:/Users/oshokut/.rvm/rubies/ruby-2.7.1/bin:/usr/local/bin:/usr/bin:/bin:/usr/sbin:/sbin:/usr/local/share/dotnet:/opt/X11/bin:~/.dotnet/tools:/Library/Frameworks/Mono.framework/Versions/Current/Commands:/Users/oshokut/.rvm/bin:/Users/oshokut/.rvm/bin
10 verbose lifecycle web-components-ui-elements@2.0.0~test:prod: CWD: /Users/oshokut/Udacity_course/travis-ci
11 silly lifecycle web-components-ui-elements@2.0.0~test:prod: Args: [ '-c', 'karma start config/karma.conf.prod.js' ]
12 silly lifecycle web-components-ui-elements@2.0.0~test:prod: Returned: code: 1  signal: null
13 info lifecycle web-components-ui-elements@2.0.0~test:prod: Failed to exec test:prod script
14 verbose stack Error: web-components-ui-elements@2.0.0 test:prod: `karma start config/karma.conf.prod.js`
14 verbose stack Exit status 1
14 verbose stack     at EventEmitter.<anonymous> (/Users/oshokut/.nvm/versions/node/v6.14.4/lib/node_modules/npm/lib/utils/lifecycle.js:255:16)
14 verbose stack     at emitTwo (events.js:106:13)
14 verbose stack     at EventEmitter.emit (events.js:191:7)
14 verbose stack     at ChildProcess.<anonymous> (/Users/oshokut/.nvm/versions/node/v6.14.4/lib/node_modules/npm/lib/utils/spawn.js:40:14)
14 verbose stack     at emitTwo (events.js:106:13)
14 verbose stack     at ChildProcess.emit (events.js:191:7)
14 verbose stack     at maybeClose (internal/child_process.js:920:16)
14 verbose stack     at Process.ChildProcess._handle.onexit (internal/child_process.js:230:5)
15 verbose pkgid web-components-ui-elements@2.0.0
16 verbose cwd /Users/oshokut/Udacity_course/travis-ci
17 error Darwin 19.6.0
18 error argv "/Users/oshokut/.nvm/versions/node/v6.14.4/bin/node" "/Users/oshokut/.nvm/versions/node/v6.14.4/bin/npm" "run" "test:prod"
19 error node v6.14.4
20 error npm  v3.10.10
21 error code ELIFECYCLE
22 error web-components-ui-elements@2.0.0 test:prod: `karma start config/karma.conf.prod.js`
22 error Exit status 1
23 error Failed at the web-components-ui-elements@2.0.0 test:prod script 'karma start config/karma.conf.prod.js'.
23 error Make sure you have the latest version of node.js and npm installed.
23 error If you do, this is most likely a problem with the web-components-ui-elements package,
23 error not with npm itself.
23 error Tell the author that this fails on your system:
23 error     karma start config/karma.conf.prod.js
23 error You can get information on how to open an issue for this project with:
23 error     npm bugs web-components-ui-elements
23 error Or if that isn't available, you can get their info via:
23 error     npm owner ls web-components-ui-elements
23 error There is likely additional logging output above.
24 verbose exit [ 1, true ]
